app/build/outputs/logs/manifest-merger-debug-report.txt
-- Merging decision tree log ---
manifest
ADDED from src/main/AndroidManifest.xml:2:1-40:12
INJECTED from src/main/AndroidManifest.xml:2:1-40:12
INJECTED from src/main/AndroidManifest.xml:2:1-40:12
INJECTED from src/main/AndroidManifest.xml:2:1-40:12
MERGED from [com.android.support:design:28.0.0] AndroidManifest.xml:17:1-24:12
MERGED from [com.android.support:appcompat-v7:28.0.0] AndroidManifest.xml:17:1-22:12
MERGED from [com.google.android.support:wearable:2.4.0] AndroidManifest.xml:2:1-15:12
MERGED from [com.android.support:animated-vector-drawable:28.0.0] AndroidManifest.xml:17:1-22:12
MERGED from [com.android.support:support-vector-drawable:28.0.0] AndroidManifest.xml:17:1-22:12
MERGED from [com.android.support:transition:28.0.0] AndroidManifest.xml:17:1-22:12
MERGED from [com.android.support:percent:26.0.2] AndroidManifest.xml:17:1-28:12
MERGED from [com.android.support:support-v4:26.0.2] AndroidManifest.xml:17:1-31:12
MERGED from [com.android.support:support-media-compat:26.0.2] AndroidManifest.xml:17:1-31:12
MERGED from [com.android.support:recyclerview-v7:28.0.0] AndroidManifest.xml:17:1-22:12
MERGED from [com.android.support:support-fragment:28.0.0] AndroidManifest.xml:17:1-22:12
MERGED from [com.android.support:support-core-ui:28.0.0] AndroidManifest.xml:17:1-22:12
MERGED from [com.android.support:support-core-utils:28.0.0] AndroidManifest.xml:17:1-22:12
MERGED from [com.android.support:loader:28.0.0] AndroidManifest.xml:17:1-22:12
MERGED from [com.android.support:viewpager:28.0.0] AndroidManifest.xml:17:1-22:12
MERGED from [com.android.support:coordinatorlayout:28.0.0] AndroidManifest.xml:17:1-22:12
MERGED from [com.android.support:drawerlayout:28.0.0] AndroidManifest.xml:17:1-22:12
MERGED from [com.android.support:slidingpanelayout:28.0.0] AndroidManifest.xml:17:1-22:12
MERGED from [com.android.support:customview:28.0.0] AndroidManifest.xml:17:1-22:12
MERGED from [com.android.support:swiperefreshlayout:28.0.0] AndroidManifest.xml:17:1-22:12
MERGED from [com.android.support:asynclayoutinflater:28.0.0] AndroidManifest.xml:17:1-22:12
MERGED from [com.android.support:support-compat:28.0.0] AndroidManifest.xml:17:1-24:12
MERGED from [com.android.support:versionedparcelable:28.0.0] AndroidManifest.xml:17:1-25:12
MERGED from [com.android.support:cursoradapter:28.0.0] AndroidManifest.xml:17:1-22:12
MERGED from [com.android.support:cardview-v7:28.0.0] AndroidManifest.xml:17:1-22:12
MERGED from [android.arch.lifecycle:runtime:1.1.1] AndroidManifest.xml:17:1-22:12
MERGED from [android.arch.lifecycle:livedata:1.1.1] AndroidManifest.xml:17:1-22:12
MERGED from [android.arch.lifecycle:livedata-core:1.1.1] AndroidManifest.xml:17:1-22:12
MERGED from [android.arch.core:runtime:1.1.1] AndroidManifest.xml:17:1-22:12
MERGED from [com.android.support:documentfile:28.0.0] AndroidManifest.xml:17:1-22:12
MERGED from [com.android.support:localbroadcastmanager:28.0.0] AndroidManifest.xml:17:1-22:12
MERGED from [com.android.support:print:28.0.0] AndroidManifest.xml:17:1-22:12
MERGED from [android.arch.lifecycle:viewmodel:1.1.1] AndroidManifest.xml:17:1-22:12
MERGED from [com.android.support:interpolator:28.0.0] AndroidManifest.xml:17:1-22:12
INJECTED from src/main/AndroidManifest.xml:2:1-40:12
INJECTED from src/main/AndroidManifest.xml:2:1-40:12
INJECTED from src/main/AndroidManifest.xml:2:1-40:12
	package
		ADDED from src/main/AndroidManifest.xml:2:120-156
		INJECTED from src/main/AndroidManifest.xml
		INJECTED from src/main/AndroidManifest.xml
	android:versionName
		ADDED from src/main/AndroidManifest.xml:2:94-119
		INJECTED from src/main/AndroidManifest.xml
		INJECTED from src/main/AndroidManifest.xml
	xmlns:android
		ADDED from src/main/AndroidManifest.xml:2:11-69
	android:versionCode
		ADDED from src/main/AndroidManifest.xml:2:70-93
		INJECTED from src/main/AndroidManifest.xml
		INJECTED from src/main/AndroidManifest.xml
uses-sdk
ADDED from src/main/AndroidManifest.xml:3:5-73
INJECTED from src/main/AndroidManifest.xml:3:5-73
INJECTED from src/main/AndroidManifest.xml:3:5-73
MERGED from [com.android.support:design:28.0.0] AndroidManifest.xml:20:5-44
MERGED from [com.android.support:design:28.0.0] AndroidManifest.xml:20:5-44
MERGED from [com.android.support:appcompat-v7:28.0.0] AndroidManifest.xml:20:5-44
MERGED from [com.android.support:appcompat-v7:28.0.0] AndroidManifest.xml:20:5-44
MERGED from [com.google.android.support:wearable:2.4.0] AndroidManifest.xml:5:5-7:41
MERGED from [com.google.android.support:wearable:2.4.0] AndroidManifest.xml:5:5-7:41
MERGED from [com.android.support:animated-vector-drawable:28.0.0] AndroidManifest.xml:20:5-44
MERGED from [com.android.support:animated-vector-drawable:28.0.0] AndroidManifest.xml:20:5-44
MERGED from [com.android.support:support-vector-drawable:28.0.0] AndroidManifest.xml:20:5-44
MERGED from [com.android.support:support-vector-drawable:28.0.0] AndroidManifest.xml:20:5-44
MERGED from [com.android.support:transition:28.0.0] AndroidManifest.xml:20:5-44
MERGED from [com.android.support:transition:28.0.0] AndroidManifest.xml:20:5-44
MERGED from [com.android.support:percent:26.0.2] AndroidManifest.xml:20:5-44
MERGED from [com.android.support:percent:26.0.2] AndroidManifest.xml:20:5-44
MERGED from [com.android.support:support-v4:26.0.2] AndroidManifest.xml:21:5-23:54
MERGED from [com.android.support:support-v4:26.0.2] AndroidManifest.xml:21:5-23:54
MERGED from [com.android.support:support-media-compat:26.0.2] AndroidManifest.xml:21:5-23:63
MERGED from [com.android.support:support-media-compat:26.0.2] AndroidManifest.xml:21:5-23:63
MERGED from [com.android.support:recyclerview-v7:28.0.0] AndroidManifest.xml:20:5-44
MERGED from [com.android.support:recyclerview-v7:28.0.0] AndroidManifest.xml:20:5-44
MERGED from [com.android.support:support-fragment:28.0.0] AndroidManifest.xml:20:5-44
MERGED from [com.android.support:support-fragment:28.0.0] AndroidManifest.xml:20:5-44
MERGED from [com.android.support:support-core-ui:28.0.0] AndroidManifest.xml:20:5-44
MERGED from [com.android.support:support-core-ui:28.0.0] AndroidManifest.xml:20:5-44
MERGED from [com.android.support:support-core-utils:28.0.0] AndroidManifest.xml:20:5-44
MERGED from [com.android.support:support-core-utils:28.0.0] AndroidManifest.xml:20:5-44
MERGED from [com.android.support:loader:28.0.0] AndroidManifest.xml:20:5-44
MERGED from [com.android.support:loader:28.0.0] AndroidManifest.xml:20:5-44
MERGED from [com.android.support:viewpager:28.0.0] AndroidManifest.xml:20:5-44
MERGED from [com.android.support:viewpager:28.0.0] AndroidManifest.xml:20:5-44
MERGED from [com.android.support:coordinatorlayout:28.0.0] AndroidManifest.xml:20:5-44
MERGED from [com.android.support:coordinatorlayout:28.0.0] AndroidManifest.xml:20:5-44
MERGED from [com.android.support:drawerlayout:28.0.0] AndroidManifest.xml:20:5-44
MERGED from [com.android.support:drawerlayout:28.0.0] AndroidManifest.xml:20:5-44
MERGED from [com.android.support:slidingpanelayout:28.0.0] AndroidManifest.xml:20:5-44
MERGED from [com.android.support:slidingpanelayout:28.0.0] AndroidManifest.xml:20:5-44
MERGED from [com.android.support:customview:28.0.0] AndroidManifest.xml:20:5-44
MERGED from [com.android.support:customview:28.0.0] AndroidManifest.xml:20:5-44
MERGED from [com.android.support:swiperefreshlayout:28.0.0] AndroidManifest.xml:20:5-44
MERGED from [com.android.support:swiperefreshlayout:28.0.0] AndroidManifest.xml:20:5-44
MERGED from [com.android.support:asynclayoutinflater:28.0.0] AndroidManifest.xml:20:5-44
MERGED from [com.android.support:asynclayoutinflater:28.0.0] AndroidManifest.xml:20:5-44
MERGED from [com.android.support:support-compat:28.0.0] AndroidManifest.xml:20:5-44
MERGED from [com.android.support:support-compat:28.0.0] AndroidManifest.xml:20:5-44
MERGED from [com.android.support:versionedparcelable:28.0.0] AndroidManifest.xml:20:5-44
MERGED from [com.android.support:versionedparcelable:28.0.0] AndroidManifest.xml:20:5-44
MERGED from [com.android.support:cursoradapter:28.0.0] AndroidManifest.xml:20:5-44
MERGED from [com.android.support:cursoradapter:28.0.0] AndroidManifest.xml:20:5-44
MERGED from [com.android.support:cardview-v7:28.0.0] AndroidManifest.xml:20:5-44
MERGED from [com.android.support:cardview-v7:28.0.0] AndroidManifest.xml:20:5-44
MERGED from [android.arch.lifecycle:runtime:1.1.1] AndroidManifest.xml:20:5-44
MERGED from [android.arch.lifecycle:runtime:1.1.1] AndroidManifest.xml:20:5-44
MERGED from [android.arch.lifecycle:livedata:1.1.1] AndroidManifest.xml:20:5-44
MERGED from [android.arch.lifecycle:livedata:1.1.1] AndroidManifest.xml:20:5-44
MERGED from [android.arch.lifecycle:livedata-core:1.1.1] AndroidManifest.xml:20:5-44
MERGED from [android.arch.lifecycle:livedata-core:1.1.1] AndroidManifest.xml:20:5-44
MERGED from [android.arch.core:runtime:1.1.1] AndroidManifest.xml:20:5-44
MERGED from [android.arch.core:runtime:1.1.1] AndroidManifest.xml:20:5-44
MERGED from [com.android.support:documentfile:28.0.0] AndroidManifest.xml:20:5-44
MERGED from [com.android.support:documentfile:28.0.0] AndroidManifest.xml:20:5-44
MERGED from [com.android.support:localbroadcastmanager:28.0.0] AndroidManifest.xml:20:5-44
MERGED from [com.android.support:localbroadcastmanager:28.0.0] AndroidManifest.xml:20:5-44
MERGED from [com.android.support:print:28.0.0] AndroidManifest.xml:20:5-44
MERGED from [com.android.support:print:28.0.0] AndroidManifest.xml:20:5-44
MERGED from [android.arch.lifecycle:viewmodel:1.1.1] AndroidManifest.xml:20:5-44
MERGED from [android.arch.lifecycle:viewmodel:1.1.1] AndroidManifest.xml:20:5-44
MERGED from [com.android.support:interpolator:28.0.0] AndroidManifest.xml:20:5-44
MERGED from [com.android.support:interpolator:28.0.0] AndroidManifest.xml:20:5-44
INJECTED from src/main/AndroidManifest.xml:3:5-73
INJECTED from src/main/AndroidManifest.xml:3:5-73
	tools:overrideLibrary
		ADDED from [com.android.support:support-v4:26.0.2] AndroidManifest.xml:23:9-51
	android:targetSdkVersion
		ADDED from src/main/AndroidManifest.xml:3:42-71
		INJECTED from src/main/AndroidManifest.xml
		INJECTED from src/main/AndroidManifest.xml
	android:minSdkVersion
		ADDED from src/main/AndroidManifest.xml:3:15-41
		INJECTED from src/main/AndroidManifest.xml
		INJECTED from src/main/AndroidManifest.xml
uses-permission#android.permission.INTERNET
ADDED from src/main/AndroidManifest.xml:5:5-83
	android:name
		ADDED from src/main/AndroidManifest.xml:5:22-64
uses-permission#android.permission.ACCESS_NETWORK_STATE
ADDED from src/main/AndroidManifest.xml:6:5-95
	android:name
		ADDED from src/main/AndroidManifest.xml:6:22-76
uses-permission#android.permission.ACCESS_WIFI_STATE
ADDED from src/main/AndroidManifest.xml:7:5-92
	android:name
		ADDED from src/main/AndroidManifest.xml:7:22-73
uses-permission#android.permission.READ_EXTERNAL_STORAGE
ADDED from src/main/AndroidManifest.xml:8:5-79
	android:name
		ADDED from src/main/AndroidManifest.xml:8:22-77
uses-permission#android.permission.WRITE_EXTERNAL_STORAGE
ADDED from src/main/AndroidManifest.xml:9:5-80
	android:name
		ADDED from src/main/AndroidManifest.xml:9:22-78
application
ADDED from src/main/AndroidManifest.xml:11:5-39:19
MERGED from [com.android.support:design:28.0.0] AndroidManifest.xml:22:5-20
MERGED from [com.android.support:design:28.0.0] AndroidManifest.xml:22:5-20
MERGED from [com.google.android.support:wearable:2.4.0] AndroidManifest.xml:9:5-13:19
MERGED from [com.google.android.support:wearable:2.4.0] AndroidManifest.xml:9:5-13:19
MERGED from [com.android.support:percent:26.0.2] AndroidManifest.xml:22:5-26:19
MERGED from [com.android.support:percent:26.0.2] AndroidManifest.xml:22:5-26:19
MERGED from [com.android.support:support-v4:26.0.2] AndroidManifest.xml:25:5-29:19
MERGED from [com.android.support:support-v4:26.0.2] AndroidManifest.xml:25:5-29:19
MERGED from [com.android.support:support-media-compat:26.0.2] AndroidManifest.xml:25:5-29:19
MERGED from [com.android.support:support-media-compat:26.0.2] AndroidManifest.xml:25:5-29:19
MERGED from [com.android.support:support-compat:28.0.0] AndroidManifest.xml:22:5-94
MERGED from [com.android.support:support-compat:28.0.0] AndroidManifest.xml:22:5-94
MERGED from [com.android.support:versionedparcelable:28.0.0] AndroidManifest.xml:22:5-23:19
MERGED from [com.android.support:versionedparcelable:28.0.0] AndroidManifest.xml:22:5-23:19
	android:appComponentFactory
		ADDED from [com.android.support:support-compat:28.0.0] AndroidManifest.xml:22:18-91
	android:label
		ADDED from src/main/AndroidManifest.xml:11:53-82
	android:icon
		ADDED from src/main/AndroidManifest.xml:11:18-52
activity#com.caibixzy.ledmatrixctrl.MainActivity
ADDED from src/main/AndroidManifest.xml:12:9-17:20
	android:theme
		ADDED from src/main/AndroidManifest.xml:12:48-115
	android:name
		ADDED from src/main/AndroidManifest.xml:12:19-47
intent-filter#action:name:android.intent.action.MAIN+category:name:android.intent.category.LAUNCHER
ADDED from src/main/AndroidManifest.xml:13:13-16:29
action#android.intent.action.MAIN
ADDED from src/main/AndroidManifest.xml:14:17-68
	android:name
		ADDED from src/main/AndroidManifest.xml:14:25-66
category#android.intent.category.LAUNCHER
ADDED from src/main/AndroidManifest.xml:15:17-76
	android:name
		ADDED from src/main/AndroidManifest.xml:15:27-74
service#com.caibixzy.ledmatrixctrl.SendService
ADDED from src/main/AndroidManifest.xml:19:9-24:19
	android:enabled
		ADDED from src/main/AndroidManifest.xml:20:13-35
	android:label
		ADDED from src/main/AndroidManifest.xml:23:13-40
	android:exported
		ADDED from src/main/AndroidManifest.xml:21:13-36
	android:icon
		ADDED from src/main/AndroidManifest.xml:22:13-47
	android:name
		ADDED from src/main/AndroidManifest.xml:19:18-71
service#com.caibixzy.ledmatrixctrl.MainActivity$SendService1
ADDED from src/main/AndroidManifest.xml:26:9-31:19
	android:enabled
		ADDED from src/main/AndroidManifest.xml:27:13-35
	android:label
		ADDED from src/main/AndroidManifest.xml:30:13-41
	android:exported
		ADDED from src/main/AndroidManifest.xml:28:13-36
	android:icon
		ADDED from src/main/AndroidManifest.xml:29:13-47
	android:name
		ADDED from src/main/AndroidManifest.xml:26:18-59
service#com.caibixzy.ledmatrixctrl.MainActivity$MainMixingService
ADDED from src/main/AndroidManifest.xml:33:9-38:19
	android:enabled
		ADDED from src/main/AndroidManifest.xml:34:13-35
	android:label
		ADDED from src/main/AndroidManifest.xml:37:13-46
	android:exported
		ADDED from src/main/AndroidManifest.xml:35:13-36
	android:icon
		ADDED from src/main/AndroidManifest.xml:36:13-47
	android:name
		ADDED from src/main/AndroidManifest.xml:33:18-64
uses-library#com.google.android.wearable
ADDED from [com.google.android.support:wearable:2.4.0] AndroidManifest.xml:10:9-12:40
	android:required
		ADDED from [com.google.android.support:wearable:2.4.0] AndroidManifest.xml:12:13-37
	android:name
		ADDED from [com.google.android.support:wearable:2.4.0] AndroidManifest.xml:11:13-55
meta-data#android.support.VERSION
ADDED from [com.android.support:percent:26.0.2] AndroidManifest.xml:23:9-25:38
MERGED from [com.android.support:support-v4:26.0.2] AndroidManifest.xml:26:9-28:38
MERGED from [com.android.support:support-v4:26.0.2] AndroidManifest.xml:26:9-28:38
MERGED from [com.android.support:support-media-compat:26.0.2] AndroidManifest.xml:26:9-28:38
MERGED from [com.android.support:support-media-compat:26.0.2] AndroidManifest.xml:26:9-28:38
	android:value
		ADDED from [com.android.support:percent:26.0.2] AndroidManifest.xml:25:13-35
	android:name
		ADDED from [com.android.support:percent:26.0.2] AndroidManifest.xml:24:13-51